MPASM  5.51      BA_L1_TURN_ON_LED-10F200.ASM   1-8-2020  19:29:46         PAGE  1


LOC  OBJECT CODE     LINE SOURCE TEXT
  VALUE

                      00001 ;blink_led.asm
                      00002 
Warning[205]: Found directive in column 1. (list)
                      00003 list        p=16f877a   ; list directive to define processor
                      00004 #include    <p16f877a.inc>  ; processor specific variable definitions
                      00001         LIST
                      00002 
                      00003 ;==========================================================================
                      00004 ;  MPASM PIC16F877A processor include
                      00005 ; 
                      00006 ;  (c) Copyright 1999-2013 Microchip Technology, All rights reserved
                      00007 ;==========================================================================
                      00008 
                      00566         LIST
                      00005 
Warning[205]: Found directive in column 1. (__config)
2007   3F72           00006 __config _HS_OSC & _WDT_OFF & _LVP_OFF & _PWRTE_ON 
                      00007 
                      00008 ;CP_ALL                      EQU     H'1FFF'
                      00009 ;_CP_OFF                      EQU     H'3FFF'
                      00010 ;_DEBUG_OFF                   EQU     H'3FFF'
                      00011 ;_DEBUG_ON                    EQU     H'37FF'
                      00012 ;_WRT_OFF                     EQU     H'3FFF'    ; No prog memmory write protection
                      00013 ;_WRT_256                     EQU     H'3DFF'    ; First 256 prog memmory write protected
                      00014 ;_WRT_1FOURTH                 EQU     H'3BFF'    ; First quarter prog memmory write protected
                      00015 ;_WRT_HALF                    EQU     H'39FF'    ; First half memmory write protected
                      00016 ;_CPD_OFF                     EQU     H'3FFF'
                      00017 ;_CPD_ON                      EQU     H'3EFF'
                      00018 ;_LVP_ON                      EQU     H'3FFF'
                      00019 ;_LVP_OFF                     EQU     H'3F7F'
                      00020 ;_BODEN_ON                    EQU     H'3FFF'
                      00021 ;_BODEN_OFF                   EQU     H'3FBF'
                      00022 ;_PWRTE_OFF                   EQU     H'3FFF'
                      00023 ;_PWRTE_ON                    EQU     H'3FF7'
                      00024 ;_WDT_ON                      EQU     H'3FFF'
                      00025 ;_WDT_OFF                     EQU     H'3FFB'
                      00026 ;_RC_OSC                      EQU     H'3FFF'
                      00027 ;_HS_OSC                      EQU     H'3FFE'
                      00028 ;_XT_OSC                      EQU     H'3FFD'
                      00029 ;_LP_OSC                      EQU     H'3FFC'
                      00030 
                      00031 
  00000003            00032 STATUS EQU 0x03
  00000006            00033 PORTB EQU 0x06
  00000086            00034 TRISB EQU 0x86
  00000008            00035 PORTD EQU 0x08
  00000088            00036 TRISD EQU 0x88
                      00037 
Warning[205]: Found directive in column 1. (CBLOCK)
                      00038 CBLOCK 0x20
  00000020            00039                 Count120us ;Delay count (number of instr cycles for Delay)
  00000021            00040                 Count100us
  00000022            00041                 Count1ms
MPASM  5.51      BA_L1_TURN_ON_LED-10F200.ASM   1-8-2020  19:29:46         PAGE  2


LOC  OBJECT CODE     LINE SOURCE TEXT
  VALUE

  00000023            00042                 Count10ms
  00000024            00043                 Count1s
  00000025            00044                 CountHalfs
  00000026            00045                 Count10s
  00000027            00046                 Count1m
Warning[205]: Found directive in column 1. (ENDC)
                      00047 ENDC
                      00048 
                      00049 
Warning[205]: Found directive in column 1. (org)
                      00050 org 0x0000                      ;line 1
0000   2???           00051                 goto START      ;line 2 ($0000)
Warning[205]: Found directive in column 1. (org)
                      00052 org 0x05
0005                  00053 START
0005   1683 1303      00054                 banksel TRISD       ;select bank for TRIS register
0007   3000           00055                 movlw   0x00        ;set port D and port B as output port by moving 0x00 to TRISD and TR
                            ISB
Message[302]: Register in operand not in bank 0.  Ensure that bank bits are correct.
0008   0088           00056                 movwf   TRISD       ; this part is not important as now i start only to blink LED at por
                            t B
Message[302]: Register in operand not in bank 0.  Ensure that bank bits are correct.
0009   0086           00057                 movwf   TRISB       ; now PORTB is set as output
000A   1283 1303      00058                 banksel PORTB       ;select bank for PORTB and PORTD
000C   0186           00059                 clrf    PORTB       ; clear PORTB  (output is low now for RB0:RB7)
000D   0188           00060                 clrf    PORTD       ; clear PORTD       (output is low now for RD0:RD7), this part is no
                            t important as now i start only to blink LED at port B
000E   2???           00061                 call    Delay100ms      ;call subroutine for 100mS delay
                      00062                 
000F                  00063 repeat  
000F   30FF           00064                 movlw 0xFF              ;Move '0b11111111' to PORTB register
0010   0086           00065                 movwf PORTB         ;All LED at PORTB should be light up now
0011   2???           00066                 Call DelayHalfs             ; call subroutine for 1s delay
0012   3000           00067                 movlw 0x00              ; Move '0b00000000' to PORTB register
0013   0086           00068                 movwf PORTB         ; All LED at PORTB should be dimmed now
0014   2???           00069                 Call DelayHalfs             ; call subroutine for 1s delay
0015   2???           00070                 goto repeat         ; goback to 'repeat' infinite loop
                      00071 
                      00072 ;==========================================================
                      00073 ;DELAY SUBROUTINES (delay routines is written based on 20MHz Crystal)
0016                  00074 Delay120us
0016   1283 1303      00075                 banksel Count120us
0018   30C5           00076                 movlw H'C5' ;D'197'
0019   00A0           00077                 movwf Count120us
001A                  00078 R120us
Message[305]: Using default destination of 1 (file).
001A   0BA0           00079                 decfsz Count120us
001B   2???           00080                 goto R120us
001C   0008           00081                 return
                      00082 ;
001D                  00083 Delay100us
001D   1283 1303      00084                 banksel Count100us
001F   30A4           00085                 movlw H'A4'
MPASM  5.51      BA_L1_TURN_ON_LED-10F200.ASM   1-8-2020  19:29:46         PAGE  3


LOC  OBJECT CODE     LINE SOURCE TEXT
  VALUE

0020   00A1           00086                 movwf Count100us
0021                  00087 R100us
Message[305]: Using default destination of 1 (file).
0021   0BA1           00088                 decfsz Count100us
0022   2???           00089                 goto R100us
0023   0008           00090                 return
                      00091 ;
                      00092 ;1ms Delay
0024                  00093 Delay1ms
0024   1283 1303      00094                 banksel Count1ms
0026   300A           00095                 movlw 0x0A ;10
0027   00A2           00096                 movwf Count1ms
0028                  00097 R1ms 
0028   2???           00098                 call Delay100us
Message[305]: Using default destination of 1 (file).
0029   0BA2           00099                 decfsz Count1ms
002A   2???           00100                 goto R1ms
002B   0008           00101                 return
                      00102 ;
                      00103 ;10ms Delay
                      00104 ; call 100 times of 100 us Delay (with some time discrepancy)
002C                  00105 Delay10ms
002C   1283 1303      00106                 banksel Count10ms
002E   3064           00107                 movlw H'64' ;100
002F   00A3           00108                 movwf Count10ms
0030                  00109 R10ms 
0030   2???           00110                 call Delay100us
Message[305]: Using default destination of 1 (file).
0031   0BA3           00111                 decfsz Count10ms
0032   2???           00112                 goto R10ms
0033   0008           00113                 return
                      00114 ;;
                      00115 ;1 sec Delay
                      00116 ;call 100 times of 10ms Delay
0034                  00117 Delay1s
0034   1283 1303      00118                 banksel Count1s
0036   3064           00119                 movlw H'64'
0037   00A4           00120                 movwf Count1s
0038                  00121 R1s 
0038   2???           00122                 call Delay10ms
Message[305]: Using default destination of 1 (file).
0039   0BA4           00123                 decfsz Count1s
003A   2???           00124                 goto R1s
003B   0008           00125                 return
                      00126 ;;
                      00127 ;.5 sec Delay
                      00128 ;call 50 times the 10ms Delay
003C                  00129 DelayHalfs
003C   1283 1303      00130                 banksel CountHalfs
003E   3032           00131                 movlw H'32'
003F   00A5           00132                 movwf CountHalfs
0040                  00133 RHalfs 
0040   2???           00134                 call Delay10ms
MPASM  5.51      BA_L1_TURN_ON_LED-10F200.ASM   1-8-2020  19:29:46         PAGE  4


LOC  OBJECT CODE     LINE SOURCE TEXT
  VALUE

Message[305]: Using default destination of 1 (file).
0041   0BA5           00135                 decfsz CountHalfs
0042   2???           00136                 goto RHalfs
0043   0008           00137                 return
                      00138 ;;
                      00139 ;10 s Delay
                      00140 ;call 10 tiems of 1 s Delay
0044                  00141 Delay10s
0044   1283 1303      00142                 banksel Count10s
0046   300A           00143                 movlw H'0A' ;10
0047   00A6           00144                 movwf Count10s
0048                  00145 R10s 
0048   2???           00146                 call Delay1s
Message[305]: Using default destination of 1 (file).
0049   0BA6           00147                 decfsz Count10s
004A   2???           00148                 goto R10s
004B   0008           00149                 return
                      00150 ;
                      00151 ;1 min Delay
                      00152 ;call 60 times of 1 sec Delay
004C                  00153 Delay1m
004C   1283 1303      00154                 banksel Count1m
004E   303C           00155                 movlw H'3C' ;60
004F   00A7           00156                 movwf Count1m
0050                  00157 R1m 
0050   2???           00158                 call Delay1s
Message[305]: Using default destination of 1 (file).
0051   0BA7           00159                 decfsz Count1m
0052   2???           00160                 goto R1m
0053   0008           00161                 return
                      00162 
                      00163 ;;
                      00164 ;100 msec Delay
                      00165 ;call 10 times of 10ms Delay
0054                  00166 Delay100ms
0054   1283 1303      00167                 banksel Count1s
0056   300A           00168                 movlw H'0A' ;10
0057   00A4           00169                 movwf Count1s
0058                  00170 R100ms 
0058   2???           00171                 call Delay10ms
Message[305]: Using default destination of 1 (file).
0059   0BA4           00172                 decfsz Count1s
005A   2???           00173                 goto R100ms
005B   0008           00174                 return
                      00175 ;;
                      00176 ;======================================================
Warning[205]: Found directive in column 1. (END)
3F72                  00177 END
MPASM  5.51      BA_L1_TURN_ON_LED-10F200.ASM   1-8-2020  19:29:46         PAGE  5


SYMBOL TABLE
  LABEL                             VALUE 

ACKDT                             00000005
ACKEN                             00000004
ACKSTAT                           00000006
ADCON0                            0000001F
ADCON1                            0000009F
ADCS0                             00000006
ADCS1                             00000007
ADCS2                             00000006
ADDEN                             00000003
ADFM                              00000007
ADIE                              00000006
ADIF                              00000006
ADON                              00000000
ADRESH                            0000001E
ADRESL                            0000009E
BCLIE                             00000003
BCLIF                             00000003
BF                                00000000
BRGH                              00000002
C                                 00000000
C1INV                             00000004
C1OUT                             00000006
C2INV                             00000005
C2OUT                             00000007
CCP1CON                           00000017
CCP1IE                            00000002
CCP1IF                            00000002
CCP1M0                            00000000
CCP1M1                            00000001
CCP1M2                            00000002
CCP1M3                            00000003
CCP1X                             00000005
CCP1Y                             00000004
CCP2CON                           0000001D
CCP2IE                            00000000
CCP2IF                            00000000
CCP2M0                            00000000
CCP2M1                            00000001
CCP2M2                            00000002
CCP2M3                            00000003
CCP2X                             00000005
CCP2Y                             00000004
CCPR1                             00000015
CCPR1H                            00000016
CCPR1L                            00000015
CCPR2                             0000001B
CCPR2H                            0000001C
CCPR2L                            0000001B
CHS0                              00000003
CHS1                              00000004
CHS2                              00000005
CIS                               00000003
CKE                               00000006
MPASM  5.51      BA_L1_TURN_ON_LED-10F200.ASM   1-8-2020  19:29:46         PAGE  6


SYMBOL TABLE
  LABEL                             VALUE 

CKP                               00000004
CM0                               00000000
CM1                               00000001
CM2                               00000002
CMCON                             0000009C
CMIE                              00000006
CMIF                              00000006
CREN                              00000004
CSRC                              00000007
CVR0                              00000000
CVR1                              00000001
CVR2                              00000002
CVR3                              00000003
CVRCON                            0000009D
CVREN                             00000007
CVROE                             00000006
CVRR                              00000005
Count100us                        00000021
Count10ms                         00000023
Count10s                          00000026
Count120us                        00000020
Count1m                           00000027
Count1ms                          00000022
Count1s                           00000024
CountHalfs                        00000025
D                                 00000005
DATA_ADDRESS                      00000005
DC                                00000001
D_A                               00000005
D_NOT_A                           00000005
Delay100ms                        00000054
Delay100us                        0000001D
Delay10ms                         0000002C
Delay10s                          00000044
Delay120us                        00000016
Delay1m                           0000004C
Delay1ms                          00000024
Delay1s                           00000034
DelayHalfs                        0000003C
EEADR                             0000010D
EEADRH                            0000010F
EECON1                            0000018C
EECON2                            0000018D
EEDATA                            0000010C
EEDATH                            0000010E
EEIE                              00000004
EEIF                              00000004
EEPGD                             00000007
F                                 00000001
FERR                              00000002
FSR                               00000004
GCEN                              00000007
GIE                               00000007
MPASM  5.51      BA_L1_TURN_ON_LED-10F200.ASM   1-8-2020  19:29:46         PAGE  7


SYMBOL TABLE
  LABEL                             VALUE 

GO                                00000002
GO_DONE                           00000002
GO_NOT_DONE                       00000002
I2C_DATA                          00000005
I2C_READ                          00000002
I2C_START                         00000003
I2C_STOP                          00000004
IBF                               00000007
IBOV                              00000005
INDF                              00000000
INTCON                            0000000B
INTE                              00000004
INTEDG                            00000006
INTF                              00000001
IRP                               00000007
NOT_A                             00000005
NOT_ADDRESS                       00000005
NOT_BO                            00000000
NOT_BOR                           00000000
NOT_DONE                          00000002
NOT_PD                            00000003
NOT_POR                           00000001
NOT_RBPU                          00000007
NOT_RC8                           00000006
NOT_T1SYNC                        00000002
NOT_TO                            00000004
NOT_TX8                           00000006
NOT_W                             00000002
NOT_WRITE                         00000002
OBF                               00000006
OERR                              00000001
OPTION_REG                        00000081
P                                 00000004
PCFG0                             00000000
PCFG1                             00000001
PCFG2                             00000002
PCFG3                             00000003
PCL                               00000002
PCLATH                            0000000A
PCON                              0000008E
PEIE                              00000006
PEN                               00000002
PIE1                              0000008C
PIE2                              0000008D
PIR1                              0000000C
PIR2                              0000000D
PORTA                             00000005
PORTB                             00000006
PORTC                             00000007
PORTD                             00000008
PORTE                             00000009
PR2                               00000092
PS0                               00000000
MPASM  5.51      BA_L1_TURN_ON_LED-10F200.ASM   1-8-2020  19:29:46         PAGE  8


SYMBOL TABLE
  LABEL                             VALUE 

PS1                               00000001
PS2                               00000002
PSA                               00000003
PSPIE                             00000007
PSPIF                             00000007
PSPMODE                           00000004
R                                 00000002
R100ms                            00000058
R100us                            00000021
R10ms                             00000030
R10s                              00000048
R120us                            0000001A
R1m                               00000050
R1ms                              00000028
R1s                               00000038
RA0                               00000000
RA1                               00000001
RA2                               00000002
RA3                               00000003
RA4                               00000004
RA5                               00000005
RB0                               00000000
RB1                               00000001
RB2                               00000002
RB3                               00000003
RB4                               00000004
RB5                               00000005
RB6                               00000006
RB7                               00000007
RBIE                              00000003
RBIF                              00000000
RC0                               00000000
RC1                               00000001
RC2                               00000002
RC3                               00000003
RC4                               00000004
RC5                               00000005
RC6                               00000006
RC7                               00000007
RC8_9                             00000006
RC9                               00000006
RCD8                              00000000
RCEN                              00000003
RCIE                              00000005
RCIF                              00000005
RCREG                             0000001A
RCSTA                             00000018
RD                                00000000
RD0                               00000000
RD1                               00000001
RD2                               00000002
RD3                               00000003
RD4                               00000004
MPASM  5.51      BA_L1_TURN_ON_LED-10F200.ASM   1-8-2020  19:29:46         PAGE  9


SYMBOL TABLE
  LABEL                             VALUE 

RD5                               00000005
RD6                               00000006
RD7                               00000007
RE0                               00000000
RE1                               00000001
RE2                               00000002
READ_WRITE                        00000002
RHalfs                            00000040
RP0                               00000005
RP1                               00000006
RSEN                              00000001
RX9                               00000006
RX9D                              00000000
R_NOT_W                           00000002
R_W                               00000002
S                                 00000003
SEN                               00000000
SMP                               00000007
SPBRG                             00000099
SPEN                              00000007
SREN                              00000005
SSPADD                            00000093
SSPBUF                            00000013
SSPCON                            00000014
SSPCON2                           00000091
SSPEN                             00000005
SSPIE                             00000003
SSPIF                             00000003
SSPM0                             00000000
SSPM1                             00000001
SSPM2                             00000002
SSPM3                             00000003
SSPOV                             00000006
SSPSTAT                           00000094
START                             00000005
STATUS                            00000003
SYNC                              00000004
T0CS                              00000005
T0IE                              00000005
T0IF                              00000002
T0SE                              00000004
T1CKPS0                           00000004
T1CKPS1                           00000005
T1CON                             00000010
T1INSYNC                          00000002
T1OSCEN                           00000003
T1SYNC                            00000002
T2CKPS0                           00000000
T2CKPS1                           00000001
T2CON                             00000012
TMR0                              00000001
TMR0IE                            00000005
TMR0IF                            00000002
MPASM  5.51      BA_L1_TURN_ON_LED-10F200.ASM   1-8-2020  19:29:46         PAGE 10


SYMBOL TABLE
  LABEL                             VALUE 

TMR1                              0000000E
TMR1CS                            00000001
TMR1H                             0000000F
TMR1IE                            00000000
TMR1IF                            00000000
TMR1L                             0000000E
TMR1ON                            00000000
TMR2                              00000011
TMR2IE                            00000001
TMR2IF                            00000001
TMR2ON                            00000002
TOUTPS0                           00000003
TOUTPS1                           00000004
TOUTPS2                           00000005
TOUTPS3                           00000006
TRISA                             00000085
TRISA0                            00000000
TRISA1                            00000001
TRISA2                            00000002
TRISA3                            00000003
TRISA4                            00000004
TRISA5                            00000005
TRISB                             00000086
TRISB0                            00000000
TRISB1                            00000001
TRISB2                            00000002
TRISB3                            00000003
TRISB4                            00000004
TRISB5                            00000005
TRISB6                            00000006
TRISB7                            00000007
TRISC                             00000087
TRISC0                            00000000
TRISC1                            00000001
TRISC2                            00000002
TRISC3                            00000003
TRISC4                            00000004
TRISC5                            00000005
TRISC6                            00000006
TRISC7                            00000007
TRISD                             00000088
TRISD0                            00000000
TRISD1                            00000001
TRISD2                            00000002
TRISD3                            00000003
TRISD4                            00000004
TRISD5                            00000005
TRISD6                            00000006
TRISD7                            00000007
TRISE                             00000089
TRISE0                            00000000
TRISE1                            00000001
TRISE2                            00000002
MPASM  5.51      BA_L1_TURN_ON_LED-10F200.ASM   1-8-2020  19:29:46         PAGE 11


SYMBOL TABLE
  LABEL                             VALUE 

TRMT                              00000001
TX8_9                             00000006
TX9                               00000006
TX9D                              00000000
TXD8                              00000000
TXEN                              00000005
TXIE                              00000004
TXIF                              00000004
TXREG                             00000019
TXSTA                             00000098
UA                                00000001
W                                 00000000
WCOL                              00000007
WR                                00000001
WREN                              00000002
WRERR                             00000003
Z                                 00000002
_BODEN_OFF                        00003FBF
_BODEN_ON                         00003FFF
_BOREN_OFF                        00003FBF
_BOREN_ON                         00003FFF
_CONFIG                           00002007
_CPD_OFF                          00003FFF
_CPD_ON                           00003EFF
_CP_ALL                           00001FFF
_CP_OFF                           00003FFF
_CP_ON                            00001FFF
_DEBUG_OFF                        00003FFF
_DEBUG_ON                         000037FF
_DEVID1                           00002006
_FOSC_EXTRC                       00003FFF
_FOSC_HS                          00003FFE
_FOSC_LP                          00003FFC
_FOSC_XT                          00003FFD
_HS_OSC                           00003FFE
_IDLOC0                           00002000
_IDLOC1                           00002001
_IDLOC2                           00002002
_IDLOC3                           00002003
_LP_OSC                           00003FFC
_LVP_OFF                          00003F7F
_LVP_ON                           00003FFF
_PWRTE_OFF                        00003FFF
_PWRTE_ON                         00003FF7
_RC_OSC                           00003FFF
_WDTE_OFF                         00003FFB
_WDTE_ON                          00003FFF
_WDT_OFF                          00003FFB
_WDT_ON                           00003FFF
_WRT_1FOURTH                      00003BFF
_WRT_256                          00003DFF
_WRT_HALF                         000039FF
_WRT_OFF                          00003FFF
MPASM  5.51      BA_L1_TURN_ON_LED-10F200.ASM   1-8-2020  19:29:46         PAGE 12


SYMBOL TABLE
  LABEL                             VALUE 

_XT_OSC                           00003FFD
__16F877A                         00000001
__DEBUG                           1
repeat                            0000000F

Errors   :     0
Warnings :     7 reported,     0 suppressed
Messages :    11 reported,     0 suppressed

